<?xml version="1.0" encoding="UTF-8"?>
<!-- Generated by org.testng.reporters.JUnitReportReporter -->
<testsuite hostname="ITEM-S140575" failures="0" tests="4" name="Registration.TC_003_LoginDDTest" time="55.298" errors="0" timestamp="2024-09-11T16:12:32 IST" skipped="0">
  <testcase classname="Registration.TC_003_LoginDDTest" name="VerifyloginDDT" time="12.133"/>
  <testcase classname="Registration.TC_003_LoginDDTest" name="VerifyloginDDT" time="11.293"/>
  <testcase classname="Registration.TC_003_LoginDDTest" name="VerifyloginDDT" time="12.984"/>
  <testcase classname="Registration.TC_003_LoginDDTest" name="VerifyloginDDT" time="18.888"/>
</testsuite> <!-- Registration.TC_003_LoginDDTest -->
