<?xml version="1.0" encoding="UTF-8"?>
<!-- Generated by org.testng.reporters.JUnitReportReporter -->
<testsuite hostname="ITEM-S140575" failures="0" tests="1" name="Registration.TC_005_Verify_Product" time="11.523" errors="0" timestamp="2024-09-10T16:42:03 IST" skipped="0">
  <testcase classname="Registration.TC_005_Verify_Product" name="verifyproductdetail" time="11.523"/>
</testsuite> <!-- Registration.TC_005_Verify_Product -->
